.camera:
{
	/pos: 20.0;0.0;-30.0
	/dir: 0.0;0.0;1.0
}

.light:
{
	/pos: 30.0;0.0;-50.0
	/color: 125.0;0.0;0.0
}

}

.light:
{
	/pos: 0.0;0.0;-30.0
	/color: 0.0;0.0;125.0
}

}

.light:
{
	/pos: 50.0;0.0;20.0
	/color: 100.0;255.0;217.0
}

.cylinder:
{
	/r: 5.0
	/dir: 0.0;1.0;0.0
	/max: 5.0
	/min: 5.0
	/pos: -1.800000;0.0;10.199999
	/color: 125.0;125.0;125.0
}

.plane:
{
	/normal: 0.0;1.0;0.0
	/pos: 0.0;-5.0;0.0
	/color: 255.0;125;125
	/reflection: 0.5
}

.sphere:
{
	/r: 5.0
	/pos: 10.0;1.0;30.0
	/color: 255.0;255.0;255.0
}

.sphere:
{
	/r: 2.0
	/reflection: 0.5
	/pos: 20.0;0.0;-20.0
	/color: 165.0;65.0;125.0
	/texture: test.bmp
}
